<?xml version="1.0" encoding="UTF-8"?>
<!-- Generated by org.testng.reporters.JUnitXMLReporter -->
<testsuite ignored="1" hostname="DESKTOP-088ELTI" failures="0" tests="1" name="Test" time="10.727" errors="0" timestamp="2023-03-13T11:19:45 IST">
  <testcase classname="vtiger.GenericUtilities.BaseClassGroups" name="@BeforeClass bcConfig" time="10.579">
    <failure type="org.openqa.selenium.remote.http.ConnectionFailedException" message="Unable to establish websocket connection to http://localhost:50398/devtools/browser/d577f891-2f8b-46b9-a6be-eddb686261dc
Build info: version: &amp;apos;4.4.0&amp;apos;, revision: &amp;apos;e5c75ed026a&amp;apos;
System info: host: &amp;apos;DESKTOP-088ELTI&amp;apos;, ip: &amp;apos;192.168.24.1&amp;apos;, os.name: &amp;apos;Windows 10&amp;apos;, os.arch: &amp;apos;amd64&amp;apos;, os.version: &amp;apos;10.0&amp;apos;, java.version: &amp;apos;11.0.16&amp;apos;
Driver info: driver.version: ChromeDriver">
      <![CDATA[org.openqa.selenium.remote.http.ConnectionFailedException: Unable to establish websocket connection to http://localhost:50398/devtools/browser/d577f891-2f8b-46b9-a6be-eddb686261dc
Build info: version: '4.4.0', revision: 'e5c75ed026a'
System info: host: 'DESKTOP-088ELTI', ip: '192.168.24.1', os.name: 'Windows 10', os.arch: 'amd64', os.version: '10.0', java.version: '11.0.16'
Driver info: driver.version: ChromeDriver
at org.openqa.selenium.remote.http.netty.NettyWebSocket.<init>(NettyWebSocket.java:102)
at org.openqa.selenium.remote.http.netty.NettyWebSocket.lambda$create$3(NettyWebSocket.java:128)
at org.openqa.selenium.remote.http.netty.NettyClient.openSocket(NettyClient.java:106)
at org.openqa.selenium.devtools.Connection.<init>(Connection.java:77)
at org.openqa.selenium.chromium.ChromiumDriver.lambda$new$2(ChromiumDriver.java:116)
at java.base/java.util.Optional.map(Optional.java:265)
at org.openqa.selenium.chromium.ChromiumDriver.<init>(ChromiumDriver.java:114)
at org.openqa.selenium.chrome.ChromeDriver.<init>(ChromeDriver.java:81)
at org.openqa.selenium.chrome.ChromeDriver.<init>(ChromeDriver.java:49)
at vtiger.GenericUtilities.BaseClassGroups.bcConfig(BaseClassGroups.java:40)
at java.base/java.util.ArrayList.forEach(ArrayList.java:1541)
... Removed 25 stack frames]]>
    </failure>
  </testcase> <!-- @BeforeClass bcConfig -->
  <testcase classname="vtiger.GenericUtilities.BaseClassGroups" name="@BeforeMethod bmConfig" time="-1.678686585766E9">
    <skipped/>
  </testcase> <!-- @BeforeMethod bmConfig -->
  <testcase classname="vtiger.GenericUtilities.BaseClassGroups" name="@AfterMethod amConfig" time="-1.67868658579E9">
    <skipped/>
  </testcase> <!-- @AfterMethod amConfig -->
  <testcase classname="vtiger.GenericUtilities.BaseClassGroups" name="@AfterClass acConfig" time="-1.678686585808E9">
    <skipped/>
  </testcase> <!-- @AfterClass acConfig -->
  <testcase classname="vtiger.ContactsTests.CreateContactWithOrganisationPOMBaseGroups" name="CreateContactWithOrgPOMTest" time="0.0">
    <skipped/>
  </testcase> <!-- CreateContactWithOrgPOMTest -->
  <testcase classname="vtiger.ContactsTests.CreateContactWithOrganisationPOMBaseGroups" name="demoTest" time="0.0">
    <ignored/>
  </testcase> <!-- demoTest -->
</testsuite> <!-- Test -->
