<?xml version="1.0" encoding="UTF-8"?>
<!-- Generated by org.testng.reporters.JUnitXMLReporter -->
<testsuite ignored="0" hostname="DESKTOP-088ELTI" failures="0" tests="1" name="Test1" time="102.08" errors="0" timestamp="2023-02-17T19:32:56 IST">
  <testcase classname="vtiger.GenericUtilities.BaseClassGroupsRegressionDistributedParallelExecution" name="@AfterMethod amConfig" time="5.031">
    <failure type="java.lang.IllegalArgumentException" message="Driver must be set">
      <![CDATA[java.lang.IllegalArgumentException: Driver must be set
at org.openqa.selenium.internal.Require.nonNull(Require.java:59)
at org.openqa.selenium.interactions.Actions.<init>(Actions.java:60)
at vtiger.GenericUtilities.WebDriverUtility.mouseHover(WebDriverUtility.java:144)
at vtiger.ObjectRepository.HomePage.logoutofApp(HomePage.java:60)
at vtiger.GenericUtilities.BaseClassGroupsRegressionDistributedParallelExecution.amConfig(BaseClassGroupsRegressionDistributedParallelExecution.java:69)
at java.base/java.util.ArrayList.forEach(ArrayList.java:1541)
at java.base/java.util.concurrent.FutureTask.run(FutureTask.java:264)
at java.base/java.util.concurrent.ThreadPoolExecutor.runWorker(ThreadPoolExecutor.java:1128)
at java.base/java.util.concurrent.ThreadPoolExecutor$Worker.run(ThreadPoolExecutor.java:628)
at java.base/java.lang.Thread.run(Thread.java:829)
... Removed 23 stack frames]]>
    </failure>
  </testcase> <!-- @AfterMethod amConfig -->
  <testcase classname="vtiger.OrganisationsTests.CreateOrganisationPOMBaseDistributedParallelExecution" name="CreateOrgPOMTest" time="70.911"/>
</testsuite> <!-- Test1 -->
